mode: set
digital.vasic.translator/pkg/coordination/multi_llm.go:54.76,55.28 1 1
digital.vasic.translator/pkg/coordination/multi_llm.go:55.28,57.3 1 1
digital.vasic.translator/pkg/coordination/multi_llm.go:58.2,58.28 1 1
digital.vasic.translator/pkg/coordination/multi_llm.go:58.28,60.3 1 1
digital.vasic.translator/pkg/coordination/multi_llm.go:62.2,77.20 3 1
digital.vasic.translator/pkg/coordination/multi_llm.go:81.56,85.25 2 1
digital.vasic.translator/pkg/coordination/multi_llm.go:85.25,86.25 1 1
digital.vasic.translator/pkg/coordination/multi_llm.go:86.25,88.4 1 0
digital.vasic.translator/pkg/coordination/multi_llm.go:88.9,90.4 1 1
digital.vasic.translator/pkg/coordination/multi_llm.go:91.3,91.9 1 1
digital.vasic.translator/pkg/coordination/multi_llm.go:96.2,96.45 1 1
digital.vasic.translator/pkg/coordination/multi_llm.go:96.45,97.10 1 1
digital.vasic.translator/pkg/coordination/multi_llm.go:98.23,99.12 1 1
digital.vasic.translator/pkg/coordination/multi_llm.go:100.22,101.12 1 1
digital.vasic.translator/pkg/coordination/multi_llm.go:102.11,103.12 1 0
digital.vasic.translator/pkg/coordination/multi_llm.go:107.2,108.35 2 1
digital.vasic.translator/pkg/coordination/multi_llm.go:108.35,111.3 2 1
digital.vasic.translator/pkg/coordination/multi_llm.go:113.2,114.24 2 1
digital.vasic.translator/pkg/coordination/multi_llm.go:114.24,116.3 1 1
digital.vasic.translator/pkg/coordination/multi_llm.go:117.2,117.25 1 1
digital.vasic.translator/pkg/coordination/multi_llm.go:117.25,119.3 1 0
digital.vasic.translator/pkg/coordination/multi_llm.go:121.2,135.42 3 1
digital.vasic.translator/pkg/coordination/multi_llm.go:135.42,139.38 3 1
digital.vasic.translator/pkg/coordination/multi_llm.go:139.38,147.18 3 1
digital.vasic.translator/pkg/coordination/multi_llm.go:147.18,149.13 2 0
digital.vasic.translator/pkg/coordination/multi_llm.go:152.4,163.16 3 1
digital.vasic.translator/pkg/coordination/multi_llm.go:167.2,167.27 1 1
digital.vasic.translator/pkg/coordination/multi_llm.go:167.27,170.3 2 0
digital.vasic.translator/pkg/coordination/multi_llm.go:172.2,180.4 1 1
digital.vasic.translator/pkg/coordination/multi_llm.go:185.85,189.57 2 1
digital.vasic.translator/pkg/coordination/multi_llm.go:189.57,195.3 1 1
digital.vasic.translator/pkg/coordination/multi_llm.go:198.2,198.60 1 1
digital.vasic.translator/pkg/coordination/multi_llm.go:198.60,204.3 1 0
digital.vasic.translator/pkg/coordination/multi_llm.go:207.2,207.56 1 1
digital.vasic.translator/pkg/coordination/multi_llm.go:207.56,213.3 1 0
digital.vasic.translator/pkg/coordination/multi_llm.go:216.2,216.59 1 1
digital.vasic.translator/pkg/coordination/multi_llm.go:216.59,222.3 1 1
digital.vasic.translator/pkg/coordination/multi_llm.go:226.2,226.55 1 1
digital.vasic.translator/pkg/coordination/multi_llm.go:226.55,232.3 1 0
digital.vasic.translator/pkg/coordination/multi_llm.go:232.8,232.47 1 1
digital.vasic.translator/pkg/coordination/multi_llm.go:232.47,235.20 2 1
digital.vasic.translator/pkg/coordination/multi_llm.go:235.20,240.40 2 1
digital.vasic.translator/pkg/coordination/multi_llm.go:240.40,241.44 1 1
digital.vasic.translator/pkg/coordination/multi_llm.go:241.44,247.11 2 1
digital.vasic.translator/pkg/coordination/multi_llm.go:255.2,255.66 1 1
digital.vasic.translator/pkg/coordination/multi_llm.go:255.66,261.3 1 0
digital.vasic.translator/pkg/coordination/multi_llm.go:263.2,263.18 1 1
digital.vasic.translator/pkg/coordination/multi_llm.go:271.19,272.27 1 1
digital.vasic.translator/pkg/coordination/multi_llm.go:272.27,274.3 1 1
digital.vasic.translator/pkg/coordination/multi_llm.go:276.2,279.71 3 1
digital.vasic.translator/pkg/coordination/multi_llm.go:279.71,282.22 2 1
digital.vasic.translator/pkg/coordination/multi_llm.go:282.22,284.9 2 0
digital.vasic.translator/pkg/coordination/multi_llm.go:288.3,288.34 1 1
digital.vasic.translator/pkg/coordination/multi_llm.go:288.34,289.12 1 0
digital.vasic.translator/pkg/coordination/multi_llm.go:292.3,307.37 4 1
digital.vasic.translator/pkg/coordination/multi_llm.go:307.37,320.4 3 1
digital.vasic.translator/pkg/coordination/multi_llm.go:322.3,326.90 3 0
digital.vasic.translator/pkg/coordination/multi_llm.go:326.90,329.4 2 0
digital.vasic.translator/pkg/coordination/multi_llm.go:332.3,332.48 1 0
digital.vasic.translator/pkg/coordination/multi_llm.go:332.48,334.4 1 0
digital.vasic.translator/pkg/coordination/multi_llm.go:337.2,338.43 1 0
digital.vasic.translator/pkg/coordination/multi_llm.go:347.19,348.42 1 1
digital.vasic.translator/pkg/coordination/multi_llm.go:348.42,350.3 1 1
digital.vasic.translator/pkg/coordination/multi_llm.go:352.2,352.28 1 1
digital.vasic.translator/pkg/coordination/multi_llm.go:352.28,354.3 1 1
digital.vasic.translator/pkg/coordination/multi_llm.go:357.2,366.65 4 1
digital.vasic.translator/pkg/coordination/multi_llm.go:366.65,368.26 2 1
digital.vasic.translator/pkg/coordination/multi_llm.go:368.26,369.12 1 0
digital.vasic.translator/pkg/coordination/multi_llm.go:372.3,373.30 2 1
digital.vasic.translator/pkg/coordination/multi_llm.go:373.30,380.4 2 1
digital.vasic.translator/pkg/coordination/multi_llm.go:384.2,387.37 3 1
digital.vasic.translator/pkg/coordination/multi_llm.go:387.37,389.46 2 1
digital.vasic.translator/pkg/coordination/multi_llm.go:389.46,390.26 1 1
digital.vasic.translator/pkg/coordination/multi_llm.go:390.26,392.5 1 1
digital.vasic.translator/pkg/coordination/multi_llm.go:393.4,393.35 1 1
digital.vasic.translator/pkg/coordination/multi_llm.go:398.2,401.47 3 1
digital.vasic.translator/pkg/coordination/multi_llm.go:401.47,402.23 1 1
digital.vasic.translator/pkg/coordination/multi_llm.go:402.23,405.4 2 1
digital.vasic.translator/pkg/coordination/multi_llm.go:408.2,408.27 1 1
digital.vasic.translator/pkg/coordination/multi_llm.go:408.27,419.3 2 1
digital.vasic.translator/pkg/coordination/multi_llm.go:422.2,422.53 1 0
digital.vasic.translator/pkg/coordination/multi_llm.go:426.62,430.27 3 1
digital.vasic.translator/pkg/coordination/multi_llm.go:430.27,432.3 1 0
digital.vasic.translator/pkg/coordination/multi_llm.go:435.2,436.6 2 1
digital.vasic.translator/pkg/coordination/multi_llm.go:436.6,440.25 3 1
digital.vasic.translator/pkg/coordination/multi_llm.go:440.25,442.4 1 1
digital.vasic.translator/pkg/coordination/multi_llm.go:445.3,445.35 1 1
digital.vasic.translator/pkg/coordination/multi_llm.go:445.35,447.4 1 0
digital.vasic.translator/pkg/coordination/multi_llm.go:452.102,466.2 5 1
digital.vasic.translator/pkg/coordination/multi_llm.go:469.54,473.2 3 1
digital.vasic.translator/pkg/coordination/multi_llm.go:476.58,478.39 2 1
digital.vasic.translator/pkg/coordination/multi_llm.go:478.39,480.3 1 1
digital.vasic.translator/pkg/coordination/multi_llm.go:482.2,483.34 2 1
digital.vasic.translator/pkg/coordination/multi_llm.go:483.34,485.3 1 1
digital.vasic.translator/pkg/coordination/multi_llm.go:486.2,486.13 1 1
digital.vasic.translator/pkg/coordination/multi_llm.go:490.61,491.23 1 1
digital.vasic.translator/pkg/coordination/multi_llm.go:491.23,493.3 1 1
digital.vasic.translator/pkg/coordination/multi_llm.go:497.59,498.23 1 1
digital.vasic.translator/pkg/coordination/multi_llm.go:498.23,504.3 1 0
digital.vasic.translator/pkg/coordination/multi_llm.go:508.55,509.42 1 1
digital.vasic.translator/pkg/coordination/multi_llm.go:509.42,511.3 1 1
digital.vasic.translator/pkg/coordination/multi_llm.go:512.2,512.21 1 1
digital.vasic.translator/pkg/coordination/translator_wrapper.go:16.153,18.2 1 1
digital.vasic.translator/pkg/coordination/translator_wrapper.go:21.210,32.41 2 1
digital.vasic.translator/pkg/coordination/translator_wrapper.go:32.41,35.3 1 0
digital.vasic.translator/pkg/coordination/translator_wrapper.go:37.2,40.8 1 1
digital.vasic.translator/pkg/coordination/translator_wrapper.go:44.113,46.2 1 1
digital.vasic.translator/pkg/coordination/translator_wrapper.go:55.19,57.2 1 1
digital.vasic.translator/pkg/coordination/translator_wrapper.go:60.54,62.2 1 1
digital.vasic.translator/pkg/coordination/translator_wrapper.go:65.76,74.2 1 1
